<?xml version="1.0" encoding="UTF-8"?>
<!-- Generated by org.testng.reporters.JUnitXMLReporter -->
<testsuite hostname="DESKTOP-OTFAGLF" ignored="0" name="Default test" tests="3" failures="0" timestamp="15 Apr 2019 10:06:31 GMT" time="34.474" errors="0">
  <testcase name="AsignIn" time="0.296" classname="HomePage.LoginPage"/>
  <testcase name="AsignIn" time="0.199" classname="HomePage.LoginPage"/>
  <testcase name="zclickLinkText" time="8.014" classname="HomePage.LoginPage"/>
</testsuite> <!-- Default test -->
