<?xml version="1.0" encoding="UTF-8"?>
<!-- Generated by org.testng.reporters.JUnitXMLReporter -->
<testsuite hostname="DESKTOP-OTFAGLF" ignored="0" name="Test" tests="4" failures="0" timestamp="13 Apr 2019 15:03:41 GMT" time="71.053" errors="0">
  <testcase name="validatehome" time="0.042" classname="HomePage.validateHomePage"/>
  <testcase name="AsignIn" time="0.265" classname="HomePage.LoginPage"/>
  <testcase name="AsignIn" time="0.172" classname="HomePage.LoginPage"/>
  <testcase name="zclickLinkText" time="24.987" classname="HomePage.LoginPage"/>
</testsuite> <!-- Test -->
