<?xml version="1.0" encoding="UTF-8"?>
<!-- Generated by org.testng.reporters.JUnitXMLReporter -->
<testsuite hostname="DESKTOP-OTFAGLF" ignored="0" name="LoginPage" tests="3" failures="0" timestamp="16 Apr 2019 13:32:05 GMT" time="44.966" errors="0">
  <testcase name="AsignIn" time="0.302" classname="HomePage.LoginPage"/>
  <testcase name="AsignIn" time="0.215" classname="HomePage.LoginPage"/>
  <testcase name="zclickLinkText" time="7.844" classname="HomePage.LoginPage"/>
</testsuite> <!-- LoginPage -->
