<?xml version="1.0" encoding="UTF-8"?>
<!-- Generated by org.testng.reporters.JUnitXMLReporter -->
<testsuite hostname="DESKTOP-OTFAGLF" ignored="0" name="validatingHomePage" tests="1" failures="1" timestamp="16 Apr 2019 13:31:20 GMT" time="31.108" errors="0">
  <testcase name="validatehome" time="0.048" classname="HomePage.validateHomePage">
    <failure type="junit.framework.AssertionFailedError">
      <![CDATA[junit.framework.AssertionFailedError
	at junit.framework.Assert.fail(Assert.java:47)
	at junit.framework.Assert.assertTrue(Assert.java:20)
	at junit.framework.Assert.assertFalse(Assert.java:34)
	at junit.framework.Assert.assertFalse(Assert.java:41)
	at HomePage.validateHomePage.validatehome(validateHomePage.java:25)
... Removed 28 stack frames]]>
    </failure>
  </testcase> <!-- validatehome -->
</testsuite> <!-- validatingHomePage -->
