<?xml version="1.0" encoding="UTF-8"?>
<testng-results skipped="0" failed="1" ignored="0" total="4" passed="3">
  <reporter-output>
  </reporter-output>
  <suite name="Suite" duration-ms="76137" started-at="2019-04-16T13:30:48Z" finished-at="2019-04-16T13:32:05Z">
    <groups>
    </groups>
    <test name="validatingHomePage" duration-ms="31108" started-at="2019-04-16T13:30:48Z" finished-at="2019-04-16T13:31:20Z">
      <class name="HomePage.validateHomePage">
        <test-method status="PASS" signature="initialize()[pri:0, instance:HomePage.validateHomePage@670002]" name="initialize" is-config="true" duration-ms="30922" started-at="2019-04-16T19:00:48Z" finished-at="2019-04-16T19:01:19Z">
          <reporter-output>
          </reporter-output>
        </test-method> <!-- initialize -->
        <test-method status="FAIL" signature="validatehome()[pri:0, instance:HomePage.validateHomePage@670002]" name="validatehome" duration-ms="48" started-at="2019-04-16T19:01:19Z" finished-at="2019-04-16T19:01:19Z">
          <exception class="junit.framework.AssertionFailedError">
            <full-stacktrace>
              <![CDATA[junit.framework.AssertionFailedError
	at junit.framework.Assert.fail(Assert.java:47)
	at junit.framework.Assert.assertTrue(Assert.java:20)
	at junit.framework.Assert.assertFalse(Assert.java:34)
	at junit.framework.Assert.assertFalse(Assert.java:41)
	at HomePage.validateHomePage.validatehome(validateHomePage.java:25)
	at sun.reflect.NativeMethodAccessorImpl.invoke0(Native Method)
	at sun.reflect.NativeMethodAccessorImpl.invoke(NativeMethodAccessorImpl.java:62)
	at sun.reflect.DelegatingMethodAccessorImpl.invoke(DelegatingMethodAccessorImpl.java:43)
	at java.lang.reflect.Method.invoke(Method.java:498)
	at org.testng.internal.MethodInvocationHelper.invokeMethod(MethodInvocationHelper.java:104)
	at org.testng.internal.Invoker.invokeMethod(Invoker.java:645)
	at org.testng.internal.Invoker.invokeTestMethod(Invoker.java:851)
	at org.testng.internal.Invoker.invokeTestMethods(Invoker.java:1177)
	at org.testng.internal.TestMethodWorker.invokeTestMethods(TestMethodWorker.java:129)
	at org.testng.internal.TestMethodWorker.run(TestMethodWorker.java:112)
	at org.testng.TestRunner.privateRun(TestRunner.java:756)
	at org.testng.TestRunner.run(TestRunner.java:610)
	at org.testng.SuiteRunner.runTest(SuiteRunner.java:387)
	at org.testng.SuiteRunner.runSequentially(SuiteRunner.java:382)
	at org.testng.SuiteRunner.privateRun(SuiteRunner.java:340)
	at org.testng.SuiteRunner.run(SuiteRunner.java:289)
	at org.testng.SuiteRunnerWorker.runSuite(SuiteRunnerWorker.java:52)
	at org.testng.SuiteRunnerWorker.run(SuiteRunnerWorker.java:86)
	at org.testng.TestNG.runSuitesSequentially(TestNG.java:1293)
	at org.testng.TestNG.runSuitesLocally(TestNG.java:1218)
	at org.testng.TestNG.runSuites(TestNG.java:1133)
	at org.testng.TestNG.run(TestNG.java:1104)
	at org.apache.maven.surefire.testng.TestNGExecutor.run(TestNGExecutor.java:283)
	at org.apache.maven.surefire.testng.TestNGXmlTestSuite.execute(TestNGXmlTestSuite.java:75)
	at org.apache.maven.surefire.testng.TestNGProvider.invoke(TestNGProvider.java:120)
	at org.apache.maven.surefire.booter.ForkedBooter.invokeProviderInSameClassLoader(ForkedBooter.java:386)
	at org.apache.maven.surefire.booter.ForkedBooter.runSuitesInProcess(ForkedBooter.java:323)
	at org.apache.maven.surefire.booter.ForkedBooter.main(ForkedBooter.java:143)
]]>
            </full-stacktrace>
          </exception> <!-- junit.framework.AssertionFailedError -->
          <reporter-output>
          </reporter-output>
        </test-method> <!-- validatehome -->
        <test-method status="PASS" signature="tearDown()[pri:0, instance:HomePage.validateHomePage@670002]" name="tearDown" is-config="true" duration-ms="103" started-at="2019-04-16T19:01:19Z" finished-at="2019-04-16T19:01:20Z">
          <reporter-output>
          </reporter-output>
        </test-method> <!-- tearDown -->
      </class> <!-- HomePage.validateHomePage -->
    </test> <!-- validatingHomePage -->
    <test name="LoginPage" duration-ms="44966" started-at="2019-04-16T13:31:20Z" finished-at="2019-04-16T13:32:05Z">
      <class name="HomePage.LoginPage">
        <test-method status="PASS" signature="initialize()[pri:0, instance:HomePage.LoginPage@4386f16]" name="initialize" is-config="true" duration-ms="36453" started-at="2019-04-16T19:01:20Z" finished-at="2019-04-16T19:01:56Z">
          <reporter-output>
          </reporter-output>
        </test-method> <!-- initialize -->
        <test-method status="PASS" signature="AsignIn(java.lang.String, java.lang.String)[pri:0, instance:HomePage.LoginPage@4386f16]" name="AsignIn" duration-ms="302" started-at="2019-04-16T19:01:56Z" data-provider="getData" finished-at="2019-04-16T19:01:56Z">
          <params>
            <param index="0">
              <value>
                <![CDATA[abc]]>
              </value>
            </param>
            <param index="1">
              <value>
                <![CDATA[xyz]]>
              </value>
            </param>
          </params>
          <reporter-output>
          </reporter-output>
        </test-method> <!-- AsignIn -->
        <test-method status="PASS" signature="AsignIn(java.lang.String, java.lang.String)[pri:0, instance:HomePage.LoginPage@4386f16]" name="AsignIn" duration-ms="215" started-at="2019-04-16T19:01:56Z" data-provider="getData" finished-at="2019-04-16T19:01:57Z">
          <params>
            <param index="0">
              <value>
                <![CDATA[trrrr]]>
              </value>
            </param>
            <param index="1">
              <value>
                <![CDATA[brrrr]]>
              </value>
            </param>
          </params>
          <reporter-output>
          </reporter-output>
        </test-method> <!-- AsignIn -->
        <test-method status="PASS" signature="zclickLinkText()[pri:0, instance:HomePage.LoginPage@4386f16]" name="zclickLinkText" duration-ms="7844" started-at="2019-04-16T19:01:57Z" finished-at="2019-04-16T19:02:04Z">
          <reporter-output>
          </reporter-output>
        </test-method> <!-- zclickLinkText -->
        <test-method status="PASS" signature="tearDown()[pri:0, instance:HomePage.LoginPage@4386f16]" name="tearDown" is-config="true" duration-ms="141" started-at="2019-04-16T19:02:04Z" finished-at="2019-04-16T19:02:05Z">
          <reporter-output>
          </reporter-output>
        </test-method> <!-- tearDown -->
      </class> <!-- HomePage.LoginPage -->
    </test> <!-- LoginPage -->
  </suite> <!-- Suite -->
</testng-results>
