-------------------------------------------------------------------------------
Test set: TestSuite
-------------------------------------------------------------------------------
Tests run: 4, Failures: 1, Errors: 0, Skipped: 0, Time elapsed: 77.174 s <<< FAILURE! - in TestSuite
validatehome(HomePage.validateHomePage)  Time elapsed: 0.059 s  <<< FAILURE!
junit.framework.AssertionFailedError
	at HomePage.validateHomePage.validatehome(validateHomePage.java:25)

