<?xml version="1.0" encoding="UTF-8"?>
<testng-results skipped="0" failed="0" ignored="0" total="3" passed="3">
  <reporter-output>
  </reporter-output>
  <suite name="Default suite" duration-ms="34474" started-at="2019-04-15T10:05:57Z" finished-at="2019-04-15T10:06:31Z">
    <groups>
    </groups>
    <test name="Default test" duration-ms="34474" started-at="2019-04-15T10:05:57Z" finished-at="2019-04-15T10:06:31Z">
      <class name="HomePage.LoginPage">
        <test-method status="PASS" signature="initialize()[pri:0, instance:HomePage.LoginPage@222545dc]" name="initialize" is-config="true" duration-ms="25852" started-at="2019-04-15T15:35:57Z" finished-at="2019-04-15T15:36:23Z">
          <reporter-output>
          </reporter-output>
        </test-method> <!-- initialize -->
        <test-method status="PASS" signature="AsignIn(java.lang.String, java.lang.String)[pri:0, instance:HomePage.LoginPage@222545dc]" name="AsignIn" duration-ms="296" started-at="2019-04-15T15:36:23Z" data-provider="getData" finished-at="2019-04-15T15:36:23Z">
          <params>
            <param index="0">
              <value>
                <![CDATA[abc]]>
              </value>
            </param>
            <param index="1">
              <value>
                <![CDATA[xyz]]>
              </value>
            </param>
          </params>
          <reporter-output>
          </reporter-output>
        </test-method> <!-- AsignIn -->
        <test-method status="PASS" signature="AsignIn(java.lang.String, java.lang.String)[pri:0, instance:HomePage.LoginPage@222545dc]" name="AsignIn" duration-ms="199" started-at="2019-04-15T15:36:23Z" data-provider="getData" finished-at="2019-04-15T15:36:23Z">
          <params>
            <param index="0">
              <value>
                <![CDATA[trrrr]]>
              </value>
            </param>
            <param index="1">
              <value>
                <![CDATA[brrrr]]>
              </value>
            </param>
          </params>
          <reporter-output>
          </reporter-output>
        </test-method> <!-- AsignIn -->
        <test-method status="PASS" signature="zclickLinkText()[pri:0, instance:HomePage.LoginPage@222545dc]" name="zclickLinkText" duration-ms="8014" started-at="2019-04-15T15:36:23Z" finished-at="2019-04-15T15:36:31Z">
          <reporter-output>
          </reporter-output>
        </test-method> <!-- zclickLinkText -->
        <test-method status="PASS" signature="tearDown()[pri:0, instance:HomePage.LoginPage@222545dc]" name="tearDown" is-config="true" duration-ms="84" started-at="2019-04-15T15:36:31Z" finished-at="2019-04-15T15:36:31Z">
          <reporter-output>
          </reporter-output>
        </test-method> <!-- tearDown -->
      </class> <!-- HomePage.LoginPage -->
    </test> <!-- Default test -->
  </suite> <!-- Default suite -->
</testng-results>
